[2019-02-05 23:01:27,600] TRACE [Controller id=0] Checking need to trigger auto leader balancing (kafka.controller.KafkaController)
[2019-02-05 23:01:27,601] DEBUG [Controller id=0] Preferred replicas by broker Map() (kafka.controller.KafkaController)
[2019-02-05 23:06:27,604] TRACE [Controller id=0] Checking need to trigger auto leader balancing (kafka.controller.KafkaController)
[2019-02-05 23:06:27,604] DEBUG [Controller id=0] Preferred replicas by broker Map() (kafka.controller.KafkaController)
[2019-02-05 23:11:27,611] TRACE [Controller id=0] Checking need to trigger auto leader balancing (kafka.controller.KafkaController)
[2019-02-05 23:11:27,612] DEBUG [Controller id=0] Preferred replicas by broker Map() (kafka.controller.KafkaController)
[2019-02-05 23:16:27,619] TRACE [Controller id=0] Checking need to trigger auto leader balancing (kafka.controller.KafkaController)
[2019-02-05 23:16:27,619] DEBUG [Controller id=0] Preferred replicas by broker Map() (kafka.controller.KafkaController)
[2019-02-05 23:21:27,630] TRACE [Controller id=0] Checking need to trigger auto leader balancing (kafka.controller.KafkaController)
[2019-02-05 23:21:27,630] DEBUG [Controller id=0] Preferred replicas by broker Map() (kafka.controller.KafkaController)
[2019-02-05 23:26:27,638] TRACE [Controller id=0] Checking need to trigger auto leader balancing (kafka.controller.KafkaController)
[2019-02-05 23:26:27,639] DEBUG [Controller id=0] Preferred replicas by broker Map() (kafka.controller.KafkaController)
[2019-02-05 23:31:27,647] TRACE [Controller id=0] Checking need to trigger auto leader balancing (kafka.controller.KafkaController)
[2019-02-05 23:31:27,647] DEBUG [Controller id=0] Preferred replicas by broker Map() (kafka.controller.KafkaController)
[2019-02-05 23:33:41,930] INFO [Controller id=0] Shutting down broker 0 (kafka.controller.KafkaController)
[2019-02-05 23:33:41,930] DEBUG [Controller id=0] All shutting down brokers: 0 (kafka.controller.KafkaController)
[2019-02-05 23:33:41,931] DEBUG [Controller id=0] Live brokers:  (kafka.controller.KafkaController)
[2019-02-05 23:33:41,933] TRACE [Controller id=0] All leaders =  (kafka.controller.KafkaController)
[2019-02-05 23:33:42,706] INFO [ControllerEventThread controllerId=0] Shutting down (kafka.controller.ControllerEventManager$ControllerEventThread)
[2019-02-05 23:33:42,706] INFO [ControllerEventThread controllerId=0] Stopped (kafka.controller.ControllerEventManager$ControllerEventThread)
[2019-02-05 23:33:42,706] INFO [ControllerEventThread controllerId=0] Shutdown completed (kafka.controller.ControllerEventManager$ControllerEventThread)
[2019-02-05 23:33:42,707] DEBUG [Controller id=0] Resigning (kafka.controller.KafkaController)
[2019-02-05 23:33:42,707] DEBUG [Controller id=0] Unregister BrokerModifications handler for Set(0) (kafka.controller.KafkaController)
[2019-02-05 23:33:42,708] INFO [PartitionStateMachine controllerId=0] Stopped partition state machine (kafka.controller.PartitionStateMachine)
[2019-02-05 23:33:42,709] INFO [ReplicaStateMachine controllerId=0] Stopped replica state machine (kafka.controller.ReplicaStateMachine)
[2019-02-05 23:33:42,709] INFO [RequestSendThread controllerId=0] Shutting down (kafka.controller.RequestSendThread)
[2019-02-05 23:33:42,709] INFO [RequestSendThread controllerId=0] Stopped (kafka.controller.RequestSendThread)
[2019-02-05 23:33:42,710] INFO [RequestSendThread controllerId=0] Shutdown completed (kafka.controller.RequestSendThread)
[2019-02-05 23:33:42,711] INFO [Controller id=0] Resigned (kafka.controller.KafkaController)
